⚠ The "middleware" file convention is deprecated. Please use "proxy" instead. Learn more: https://nextjs.org/docs/messages/middleware-to-proxy
⚠ Blocked cross-origin request to Next.js dev resource /_next/webpack-hmr from "127.0.0.1".
Cross-origin access to Next.js dev resources is blocked by default for safety.

To allow this host in development, add it to "allowedDevOrigins" in next.config.js and restart the dev server:

// next.config.js
module.exports = {
  allowedDevOrigins: ['127.0.0.1'],
}

Read more: https://nextjs.org/docs/app/api-reference/config/next-config-js/allowedDevOrigins
⚠ Blocked cross-origin request to Next.js dev resource /__nextjs_font/geist-latin.woff2 from "127.0.0.1".
Cross-origin access to Next.js dev resources is blocked by default for safety.

To allow this host in development, add it to "allowedDevOrigins" in next.config.js and restart the dev server:

// next.config.js
module.exports = {
  allowedDevOrigins: ['127.0.0.1'],
}

Read more: https://nextjs.org/docs/app/api-reference/config/next-config-js/allowedDevOrigins
⨯ Error: Could not parse module '[project]/middleware.ts', file not found
    at module evaluation (.next\dev\server\edge\chunks\[root-of-the-server]__11ru_ap._.js:16:11)
⨯ Error: Could not parse module '[project]/middleware.ts', file not found
    at module evaluation (.next\dev\server\edge\chunks\[root-of-the-server]__11ru_ap._.js:16:11)
⨯ Error: Could not parse module '[project]/middleware.ts', file not found
    at module evaluation (.next\dev\server\edge\chunks\[root-of-the-server]__11ru_ap._.js:16:11)
⨯ Error: Could not parse module '[project]/middleware.ts', file not found
    at module evaluation (.next\dev\server\edge\chunks\[root-of-the-server]__11ru_ap._.js:16:11)
⨯ Error: Could not parse module '[project]/middleware.ts', file not found
    at module evaluation (.next\dev\server\edge\chunks\[root-of-the-server]__11ru_ap._.js:16:11)
⨯ Error: Could not parse module '[project]/middleware.ts', file not found
    at module evaluation (.next\dev\server\edge\chunks\[root-of-the-server]__11ru_ap._.js:16:11)
⨯ Error: Could not parse module '[project]/middleware.ts', file not found
    at module evaluation (.next\dev\server\edge\chunks\[root-of-the-server]__11ru_ap._.js:16:11)
⨯ Error: Could not parse module '[project]/middleware.ts', file not found
    at module evaluation (.next\dev\server\edge\chunks\[root-of-the-server]__11ru_ap._.js:16:11)
⨯ Error: Could not parse module '[project]/middleware.ts', file not found
    at module evaluation (.next\dev\server\edge\chunks\[root-of-the-server]__11ru_ap._.js:16:11)
⨯ Error: Could not parse module '[project]/middleware.ts', file not found
    at module evaluation (.next\dev\server\edge\chunks\[root-of-the-server]__11ru_ap._.js:16:11)
